07/16/2025 08:19:16 PM - kneaddata.knead_data - INFO: Running kneaddata v0.12.2
07/16/2025 08:19:16 PM - kneaddata.knead_data - INFO: Output files will be written to: /data/gaoyunyun/project/anmiaomiao/temp/hr
07/16/2025 08:19:16 PM - kneaddata.knead_data - DEBUG: Running with the following arguments: 
verbose = True
input1 = temp/qc/SRR28210374_1.fastq.gz
input2 = temp/qc/SRR28210374_2.fastq.gz
unpaired = None
output_dir = /data/gaoyunyun/project/anmiaomiao/temp/hr
scratch_dir = 
reference_db = /data/gaoyunyun/project/anmiaomiao/kneaddata/ath/tair10
bypass_trim = True
output_prefix = SRR28210374
threads = 3
processes = 1
trimmomatic_quality_scores = -phred33
bmtagger = False
bypass_trf = True
run_trf = False
fastqc_start = False
fastqc_end = False
store_temp_output = False
remove_intermediate_output = True
cat_final_output = False
log_level = DEBUG
log = temp/hr/SRR28210374.log
trimmomatic_path = None
run_trim_repetitive = False
max_memory = 500m
trimmomatic_options = None
sequencer_source = NexteraPE
bowtie2_path = /data/gaoyunyun/miniconda3/envs/kneaddata/bin/bowtie2
bowtie2_options = --very-sensitive --dovetail --phred33
decontaminate_pairs = strict
reorder = True
serial = True
bmtagger_path = None
trf_path = None
match = 2
mismatch = 7
delta = 7
pm = 80
pi = 10
minscore = 50
maxperiod = 500
fastqc_path = None
remove_temp_output = True
input = /data/gaoyunyun/project/anmiaomiao/temp/qc/SRR28210374_1.fastq.gz /data/gaoyunyun/project/anmiaomiao/temp/qc/SRR28210374_2.fastq.gz
discordant = True

07/16/2025 08:19:16 PM - kneaddata.utilities - INFO: Decompressing gzipped file ...
07/16/2025 08:21:06 PM - kneaddata.utilities - INFO: Decompressed file created: /data/gaoyunyun/project/anmiaomiao/temp/hr/decompressed_2hxxgcvl_SRR28210374_1.fastq
07/16/2025 08:21:06 PM - kneaddata.utilities - INFO: Decompressing gzipped file ...
07/16/2025 08:22:49 PM - kneaddata.utilities - INFO: Decompressed file created: /data/gaoyunyun/project/anmiaomiao/temp/hr/decompressed_izx22q9e_SRR28210374_2.fastq
07/16/2025 08:22:49 PM - kneaddata.utilities - INFO: Reformatting file sequence identifiers ...
07/16/2025 08:24:03 PM - kneaddata.utilities - INFO: Reformatting file sequence identifiers ...
07/16/2025 08:25:40 PM - kneaddata.utilities - INFO: READ COUNT: raw pair1 : Initial number of reads ( /data/gaoyunyun/project/anmiaomiao/temp/hr/reformatted_identifierszn8ehb95_decompressed_2hxxgcvl_SRR28210374_1 ): 37329702.0
07/16/2025 08:25:59 PM - kneaddata.utilities - INFO: READ COUNT: raw pair2 : Initial number of reads ( /data/gaoyunyun/project/anmiaomiao/temp/hr/reformatted_identifiersq5mf2j36_decompressed_izx22q9e_SRR28210374_2 ): 37329702.0
07/16/2025 08:25:59 PM - kneaddata.knead_data - INFO: Bypass trimming
07/16/2025 08:26:22 PM - kneaddata.utilities - INFO: READ COUNT: trimmed single : Total reads after trimming ( /data/gaoyunyun/project/anmiaomiao/temp/hr/reformatted_identifierszn8ehb95_decompressed_2hxxgcvl_SRR28210374_1 ): 37329702.0
07/16/2025 08:26:42 PM - kneaddata.utilities - INFO: READ COUNT: trimmed single : Total reads after trimming ( /data/gaoyunyun/project/anmiaomiao/temp/hr/reformatted_identifiersq5mf2j36_decompressed_izx22q9e_SRR28210374_2 ): 37329702.0
07/16/2025 08:26:42 PM - kneaddata.run - INFO: Decontaminating ...
07/16/2025 08:26:42 PM - kneaddata.utilities - DEBUG: Checking input file to bowtie2 : /data/gaoyunyun/project/anmiaomiao/temp/hr/reformatted_identifierszn8ehb95_decompressed_2hxxgcvl_SRR28210374_1
07/16/2025 08:26:42 PM - kneaddata.utilities - DEBUG: Checking input file to bowtie2 : /data/gaoyunyun/project/anmiaomiao/temp/hr/reformatted_identifiersq5mf2j36_decompressed_izx22q9e_SRR28210374_2
07/16/2025 08:26:42 PM - kneaddata.utilities - INFO: Running bowtie2 ... 
07/16/2025 08:26:42 PM - kneaddata.utilities - INFO: Execute command: kneaddata_bowtie2_discordant_pairs --bowtie2 /data/gaoyunyun/miniconda3/envs/kneaddata/bin/bowtie2 --threads 3 -x /data/gaoyunyun/project/anmiaomiao/kneaddata/ath/tair10 --mode strict --bowtie2-options "--very-sensitive --dovetail --phred33" -1 /data/gaoyunyun/project/anmiaomiao/temp/hr/reformatted_identifierszn8ehb95_decompressed_2hxxgcvl_SRR28210374_1 -2 /data/gaoyunyun/project/anmiaomiao/temp/hr/reformatted_identifiersq5mf2j36_decompressed_izx22q9e_SRR28210374_2 --un-pair /data/gaoyunyun/project/anmiaomiao/temp/hr/SRR28210374_tair10_bowtie2_paired_clean_%.fastq --al-pair /data/gaoyunyun/project/anmiaomiao/temp/hr/SRR28210374_tair10_bowtie2_paired_contam_%.fastq --un-single /data/gaoyunyun/project/anmiaomiao/temp/hr/SRR28210374_tair10_bowtie2_unmatched_%_clean.fastq --al-single /data/gaoyunyun/project/anmiaomiao/temp/hr/SRR28210374_tair10_bowtie2_unmatched_%_contam.fastq --reorder -S /dev/null
07/16/2025 09:04:01 PM - kneaddata.utilities - DEBUG: b'74659404 reads; of these:\n  74659404 (100.00%) were unpaired; of these:\n    74653660 (99.99%) aligned 0 times\n    2780 (0.00%) aligned exactly 1 time\n    2964 (0.00%) aligned >1 times\n0.01% overall alignment rate\npair1_aligned : 3180\npair2_aligned : 3180\npair1_unaligned : 37326522\npair2_unaligned : 37326522\norphan1_aligned : 0\norphan2_aligned : 0\norphan1_unaligned : 0\norphan2_unaligned : 0\n'
07/16/2025 09:04:01 PM - kneaddata.utilities - DEBUG: Checking output file from bowtie2 : /data/gaoyunyun/project/anmiaomiao/temp/hr/SRR28210374_tair10_bowtie2_paired_clean_1.fastq
07/16/2025 09:04:01 PM - kneaddata.utilities - DEBUG: Checking output file from bowtie2 : /data/gaoyunyun/project/anmiaomiao/temp/hr/SRR28210374_tair10_bowtie2_paired_clean_2.fastq
07/16/2025 09:04:01 PM - kneaddata.run - INFO: Total contaminate sequences in file ( /data/gaoyunyun/project/anmiaomiao/temp/hr/SRR28210374_tair10_bowtie2_paired_contam_1.fastq ) : 3180.0
07/16/2025 09:04:02 PM - kneaddata.run - INFO: Total contaminate sequences in file ( /data/gaoyunyun/project/anmiaomiao/temp/hr/SRR28210374_tair10_bowtie2_paired_contam_2.fastq ) : 3180.0
07/16/2025 09:04:02 PM - kneaddata.run - INFO: Total contaminate sequences in file ( /data/gaoyunyun/project/anmiaomiao/temp/hr/SRR28210374_tair10_bowtie2_unmatched_1_contam.fastq ) : 0.0
07/16/2025 09:04:02 PM - kneaddata.run - INFO: Total contaminate sequences in file ( /data/gaoyunyun/project/anmiaomiao/temp/hr/SRR28210374_tair10_bowtie2_unmatched_2_contam.fastq ) : 0.0
07/16/2025 09:04:23 PM - kneaddata.utilities - INFO: READ COUNT: decontaminated tair10 pair1 : Total reads after removing those found in reference database ( /data/gaoyunyun/project/anmiaomiao/temp/hr/SRR28210374_tair10_bowtie2_paired_clean_1.fastq ): 37326522.0
07/16/2025 09:04:43 PM - kneaddata.utilities - INFO: READ COUNT: decontaminated tair10 pair2 : Total reads after removing those found in reference database ( /data/gaoyunyun/project/anmiaomiao/temp/hr/SRR28210374_tair10_bowtie2_paired_clean_2.fastq ): 37326522.0
07/16/2025 09:05:06 PM - kneaddata.utilities - INFO: READ COUNT: final pair1 : Total reads after merging results from multiple databases ( /data/gaoyunyun/project/anmiaomiao/temp/hr/SRR28210374_paired_1.fastq ): 37326522.0
07/16/2025 09:05:28 PM - kneaddata.utilities - INFO: READ COUNT: final pair2 : Total reads after merging results from multiple databases ( /data/gaoyunyun/project/anmiaomiao/temp/hr/SRR28210374_paired_2.fastq ): 37326522.0
07/16/2025 09:05:28 PM - kneaddata.utilities - WARNING: Unable to remove file: /data/gaoyunyun/project/anmiaomiao/temp/hr/SRR28210374_tair10_bowtie2_paired_clean_1.fastq
07/16/2025 09:05:28 PM - kneaddata.utilities - WARNING: Unable to remove file: /data/gaoyunyun/project/anmiaomiao/temp/hr/SRR28210374_tair10_bowtie2_paired_clean_2.fastq
07/16/2025 09:05:28 PM - kneaddata.utilities - INFO: READ COUNT: decontaminated tair10 orphan1 : Total reads after removing those found in reference database ( /data/gaoyunyun/project/anmiaomiao/temp/hr/SRR28210374_tair10_bowtie2_unmatched_1_clean.fastq ): 0.0
07/16/2025 09:05:28 PM - kneaddata.utilities - INFO: READ COUNT: final orphan1 : Total reads after merging results from multiple databases ( /data/gaoyunyun/project/anmiaomiao/temp/hr/SRR28210374_unmatched_1.fastq ): 0.0
07/16/2025 09:05:28 PM - kneaddata.utilities - WARNING: Unable to remove file: /data/gaoyunyun/project/anmiaomiao/temp/hr/SRR28210374_tair10_bowtie2_unmatched_1_clean.fastq
07/16/2025 09:05:28 PM - kneaddata.utilities - INFO: READ COUNT: decontaminated tair10 orphan2 : Total reads after removing those found in reference database ( /data/gaoyunyun/project/anmiaomiao/temp/hr/SRR28210374_tair10_bowtie2_unmatched_2_clean.fastq ): 0.0
07/16/2025 09:05:28 PM - kneaddata.utilities - INFO: READ COUNT: final orphan2 : Total reads after merging results from multiple databases ( /data/gaoyunyun/project/anmiaomiao/temp/hr/SRR28210374_unmatched_2.fastq ): 0.0
07/16/2025 09:05:28 PM - kneaddata.utilities - WARNING: Unable to remove file: /data/gaoyunyun/project/anmiaomiao/temp/hr/SRR28210374_tair10_bowtie2_unmatched_2_clean.fastq
07/16/2025 09:05:34 PM - kneaddata.knead_data - INFO: 
Final output files created: 
/data/gaoyunyun/project/anmiaomiao/temp/hr/SRR28210374_paired_1.fastq
/data/gaoyunyun/project/anmiaomiao/temp/hr/SRR28210374_paired_2.fastq
/data/gaoyunyun/project/anmiaomiao/temp/hr/SRR28210374_unmatched_1.fastq
/data/gaoyunyun/project/anmiaomiao/temp/hr/SRR28210374_unmatched_2.fastq

