07/16/2025 07:14:36 PM - kneaddata.knead_data - INFO: Running kneaddata v0.12.2
07/16/2025 07:14:36 PM - kneaddata.knead_data - INFO: Output files will be written to: /data/gaoyunyun/project/anmiaomiao/temp/hr
07/16/2025 07:14:36 PM - kneaddata.knead_data - DEBUG: Running with the following arguments: 
verbose = True
input1 = temp/qc/SRR28210370_1.fastq.gz
input2 = temp/qc/SRR28210370_2.fastq.gz
unpaired = None
output_dir = /data/gaoyunyun/project/anmiaomiao/temp/hr
scratch_dir = 
reference_db = /data/gaoyunyun/project/anmiaomiao/kneaddata/ath/tair10
bypass_trim = True
output_prefix = SRR28210370
threads = 3
processes = 1
trimmomatic_quality_scores = -phred33
bmtagger = False
bypass_trf = True
run_trf = False
fastqc_start = False
fastqc_end = False
store_temp_output = False
remove_intermediate_output = True
cat_final_output = False
log_level = DEBUG
log = temp/hr/SRR28210370.log
trimmomatic_path = None
run_trim_repetitive = False
max_memory = 500m
trimmomatic_options = None
sequencer_source = NexteraPE
bowtie2_path = /data/gaoyunyun/miniconda3/envs/kneaddata/bin/bowtie2
bowtie2_options = --very-sensitive --dovetail --phred33
decontaminate_pairs = strict
reorder = True
serial = True
bmtagger_path = None
trf_path = None
match = 2
mismatch = 7
delta = 7
pm = 80
pi = 10
minscore = 50
maxperiod = 500
fastqc_path = None
remove_temp_output = True
input = /data/gaoyunyun/project/anmiaomiao/temp/qc/SRR28210370_1.fastq.gz /data/gaoyunyun/project/anmiaomiao/temp/qc/SRR28210370_2.fastq.gz
discordant = True

07/16/2025 07:14:36 PM - kneaddata.utilities - INFO: Decompressing gzipped file ...
07/16/2025 07:16:02 PM - kneaddata.utilities - INFO: Decompressed file created: /data/gaoyunyun/project/anmiaomiao/temp/hr/decompressed_w32lhocz_SRR28210370_1.fastq
07/16/2025 07:16:02 PM - kneaddata.utilities - INFO: Decompressing gzipped file ...
07/16/2025 07:17:35 PM - kneaddata.utilities - INFO: Decompressed file created: /data/gaoyunyun/project/anmiaomiao/temp/hr/decompressed_37tb_hd3_SRR28210370_2.fastq
07/16/2025 07:17:35 PM - kneaddata.utilities - INFO: Reformatting file sequence identifiers ...
07/16/2025 07:18:41 PM - kneaddata.utilities - INFO: Reformatting file sequence identifiers ...
07/16/2025 07:20:15 PM - kneaddata.utilities - INFO: READ COUNT: raw pair1 : Initial number of reads ( /data/gaoyunyun/project/anmiaomiao/temp/hr/reformatted_identifiersg9vs38ut_decompressed_w32lhocz_SRR28210370_1 ): 35953549.0
07/16/2025 07:20:34 PM - kneaddata.utilities - INFO: READ COUNT: raw pair2 : Initial number of reads ( /data/gaoyunyun/project/anmiaomiao/temp/hr/reformatted_identifierswulfygq3_decompressed_37tb_hd3_SRR28210370_2 ): 35953549.0
07/16/2025 07:20:34 PM - kneaddata.knead_data - INFO: Bypass trimming
07/16/2025 07:20:56 PM - kneaddata.utilities - INFO: READ COUNT: trimmed single : Total reads after trimming ( /data/gaoyunyun/project/anmiaomiao/temp/hr/reformatted_identifiersg9vs38ut_decompressed_w32lhocz_SRR28210370_1 ): 35953549.0
07/16/2025 07:21:17 PM - kneaddata.utilities - INFO: READ COUNT: trimmed single : Total reads after trimming ( /data/gaoyunyun/project/anmiaomiao/temp/hr/reformatted_identifierswulfygq3_decompressed_37tb_hd3_SRR28210370_2 ): 35953549.0
07/16/2025 07:21:17 PM - kneaddata.run - INFO: Decontaminating ...
07/16/2025 07:21:17 PM - kneaddata.utilities - DEBUG: Checking input file to bowtie2 : /data/gaoyunyun/project/anmiaomiao/temp/hr/reformatted_identifiersg9vs38ut_decompressed_w32lhocz_SRR28210370_1
07/16/2025 07:21:17 PM - kneaddata.utilities - DEBUG: Checking input file to bowtie2 : /data/gaoyunyun/project/anmiaomiao/temp/hr/reformatted_identifierswulfygq3_decompressed_37tb_hd3_SRR28210370_2
07/16/2025 07:21:17 PM - kneaddata.utilities - INFO: Running bowtie2 ... 
07/16/2025 07:21:17 PM - kneaddata.utilities - INFO: Execute command: kneaddata_bowtie2_discordant_pairs --bowtie2 /data/gaoyunyun/miniconda3/envs/kneaddata/bin/bowtie2 --threads 3 -x /data/gaoyunyun/project/anmiaomiao/kneaddata/ath/tair10 --mode strict --bowtie2-options "--very-sensitive --dovetail --phred33" -1 /data/gaoyunyun/project/anmiaomiao/temp/hr/reformatted_identifiersg9vs38ut_decompressed_w32lhocz_SRR28210370_1 -2 /data/gaoyunyun/project/anmiaomiao/temp/hr/reformatted_identifierswulfygq3_decompressed_37tb_hd3_SRR28210370_2 --un-pair /data/gaoyunyun/project/anmiaomiao/temp/hr/SRR28210370_tair10_bowtie2_paired_clean_%.fastq --al-pair /data/gaoyunyun/project/anmiaomiao/temp/hr/SRR28210370_tair10_bowtie2_paired_contam_%.fastq --un-single /data/gaoyunyun/project/anmiaomiao/temp/hr/SRR28210370_tair10_bowtie2_unmatched_%_clean.fastq --al-single /data/gaoyunyun/project/anmiaomiao/temp/hr/SRR28210370_tair10_bowtie2_unmatched_%_contam.fastq --reorder -S /dev/null
07/16/2025 08:00:15 PM - kneaddata.utilities - DEBUG: b'71907098 reads; of these:\n  71907098 (100.00%) were unpaired; of these:\n    71904205 (100.00%) aligned 0 times\n    762 (0.00%) aligned exactly 1 time\n    2131 (0.00%) aligned >1 times\n0.00% overall alignment rate\npair1_aligned : 2007\npair2_aligned : 2007\npair1_unaligned : 35951542\npair2_unaligned : 35951542\norphan1_aligned : 0\norphan2_aligned : 0\norphan1_unaligned : 0\norphan2_unaligned : 0\n'
07/16/2025 08:00:15 PM - kneaddata.utilities - DEBUG: Checking output file from bowtie2 : /data/gaoyunyun/project/anmiaomiao/temp/hr/SRR28210370_tair10_bowtie2_paired_clean_1.fastq
07/16/2025 08:00:15 PM - kneaddata.utilities - DEBUG: Checking output file from bowtie2 : /data/gaoyunyun/project/anmiaomiao/temp/hr/SRR28210370_tair10_bowtie2_paired_clean_2.fastq
07/16/2025 08:00:15 PM - kneaddata.run - INFO: Total contaminate sequences in file ( /data/gaoyunyun/project/anmiaomiao/temp/hr/SRR28210370_tair10_bowtie2_paired_contam_1.fastq ) : 2007.0
07/16/2025 08:00:15 PM - kneaddata.run - INFO: Total contaminate sequences in file ( /data/gaoyunyun/project/anmiaomiao/temp/hr/SRR28210370_tair10_bowtie2_paired_contam_2.fastq ) : 2007.0
07/16/2025 08:00:15 PM - kneaddata.run - INFO: Total contaminate sequences in file ( /data/gaoyunyun/project/anmiaomiao/temp/hr/SRR28210370_tair10_bowtie2_unmatched_1_contam.fastq ) : 0.0
07/16/2025 08:00:15 PM - kneaddata.run - INFO: Total contaminate sequences in file ( /data/gaoyunyun/project/anmiaomiao/temp/hr/SRR28210370_tair10_bowtie2_unmatched_2_contam.fastq ) : 0.0
07/16/2025 08:00:35 PM - kneaddata.utilities - INFO: READ COUNT: decontaminated tair10 pair1 : Total reads after removing those found in reference database ( /data/gaoyunyun/project/anmiaomiao/temp/hr/SRR28210370_tair10_bowtie2_paired_clean_1.fastq ): 35951542.0
07/16/2025 08:00:54 PM - kneaddata.utilities - INFO: READ COUNT: decontaminated tair10 pair2 : Total reads after removing those found in reference database ( /data/gaoyunyun/project/anmiaomiao/temp/hr/SRR28210370_tair10_bowtie2_paired_clean_2.fastq ): 35951542.0
07/16/2025 08:01:15 PM - kneaddata.utilities - INFO: READ COUNT: final pair1 : Total reads after merging results from multiple databases ( /data/gaoyunyun/project/anmiaomiao/temp/hr/SRR28210370_paired_1.fastq ): 35951542.0
07/16/2025 08:01:34 PM - kneaddata.utilities - INFO: READ COUNT: final pair2 : Total reads after merging results from multiple databases ( /data/gaoyunyun/project/anmiaomiao/temp/hr/SRR28210370_paired_2.fastq ): 35951542.0
07/16/2025 08:01:34 PM - kneaddata.utilities - WARNING: Unable to remove file: /data/gaoyunyun/project/anmiaomiao/temp/hr/SRR28210370_tair10_bowtie2_paired_clean_1.fastq
07/16/2025 08:01:34 PM - kneaddata.utilities - WARNING: Unable to remove file: /data/gaoyunyun/project/anmiaomiao/temp/hr/SRR28210370_tair10_bowtie2_paired_clean_2.fastq
07/16/2025 08:01:34 PM - kneaddata.utilities - INFO: READ COUNT: decontaminated tair10 orphan1 : Total reads after removing those found in reference database ( /data/gaoyunyun/project/anmiaomiao/temp/hr/SRR28210370_tair10_bowtie2_unmatched_1_clean.fastq ): 0.0
07/16/2025 08:01:34 PM - kneaddata.utilities - INFO: READ COUNT: final orphan1 : Total reads after merging results from multiple databases ( /data/gaoyunyun/project/anmiaomiao/temp/hr/SRR28210370_unmatched_1.fastq ): 0.0
07/16/2025 08:01:34 PM - kneaddata.utilities - WARNING: Unable to remove file: /data/gaoyunyun/project/anmiaomiao/temp/hr/SRR28210370_tair10_bowtie2_unmatched_1_clean.fastq
07/16/2025 08:01:34 PM - kneaddata.utilities - INFO: READ COUNT: decontaminated tair10 orphan2 : Total reads after removing those found in reference database ( /data/gaoyunyun/project/anmiaomiao/temp/hr/SRR28210370_tair10_bowtie2_unmatched_2_clean.fastq ): 0.0
07/16/2025 08:01:34 PM - kneaddata.utilities - INFO: READ COUNT: final orphan2 : Total reads after merging results from multiple databases ( /data/gaoyunyun/project/anmiaomiao/temp/hr/SRR28210370_unmatched_2.fastq ): 0.0
07/16/2025 08:01:34 PM - kneaddata.utilities - WARNING: Unable to remove file: /data/gaoyunyun/project/anmiaomiao/temp/hr/SRR28210370_tair10_bowtie2_unmatched_2_clean.fastq
07/16/2025 08:01:40 PM - kneaddata.knead_data - INFO: 
Final output files created: 
/data/gaoyunyun/project/anmiaomiao/temp/hr/SRR28210370_paired_1.fastq
/data/gaoyunyun/project/anmiaomiao/temp/hr/SRR28210370_paired_2.fastq
/data/gaoyunyun/project/anmiaomiao/temp/hr/SRR28210370_unmatched_1.fastq
/data/gaoyunyun/project/anmiaomiao/temp/hr/SRR28210370_unmatched_2.fastq

