07/16/2025 10:59:01 PM - kneaddata.knead_data - INFO: Running kneaddata v0.12.2
07/16/2025 10:59:01 PM - kneaddata.knead_data - INFO: Output files will be written to: /data/gaoyunyun/project/anmiaomiao/temp/hr
07/16/2025 10:59:01 PM - kneaddata.knead_data - DEBUG: Running with the following arguments: 
verbose = True
input1 = temp/qc/SRR28210381_1.fastq.gz
input2 = temp/qc/SRR28210381_2.fastq.gz
unpaired = None
output_dir = /data/gaoyunyun/project/anmiaomiao/temp/hr
scratch_dir = 
reference_db = /data/gaoyunyun/project/anmiaomiao/kneaddata/ath/tair10
bypass_trim = True
output_prefix = SRR28210381
threads = 3
processes = 1
trimmomatic_quality_scores = -phred33
bmtagger = False
bypass_trf = True
run_trf = False
fastqc_start = False
fastqc_end = False
store_temp_output = False
remove_intermediate_output = True
cat_final_output = False
log_level = DEBUG
log = temp/hr/SRR28210381.log
trimmomatic_path = None
run_trim_repetitive = False
max_memory = 500m
trimmomatic_options = None
sequencer_source = NexteraPE
bowtie2_path = /data/gaoyunyun/miniconda3/envs/kneaddata/bin/bowtie2
bowtie2_options = --very-sensitive --dovetail --phred33
decontaminate_pairs = strict
reorder = True
serial = True
bmtagger_path = None
trf_path = None
match = 2
mismatch = 7
delta = 7
pm = 80
pi = 10
minscore = 50
maxperiod = 500
fastqc_path = None
remove_temp_output = True
input = /data/gaoyunyun/project/anmiaomiao/temp/qc/SRR28210381_1.fastq.gz /data/gaoyunyun/project/anmiaomiao/temp/qc/SRR28210381_2.fastq.gz
discordant = True

07/16/2025 10:59:01 PM - kneaddata.utilities - INFO: Decompressing gzipped file ...
07/16/2025 11:01:50 PM - kneaddata.utilities - INFO: Decompressed file created: /data/gaoyunyun/project/anmiaomiao/temp/hr/decompressed_eldfpaqc_SRR28210381_1.fastq
07/16/2025 11:01:50 PM - kneaddata.utilities - INFO: Decompressing gzipped file ...
07/16/2025 11:04:41 PM - kneaddata.utilities - INFO: Decompressed file created: /data/gaoyunyun/project/anmiaomiao/temp/hr/decompressed_6vu52srd_SRR28210381_2.fastq
07/16/2025 11:04:41 PM - kneaddata.utilities - INFO: Reformatting file sequence identifiers ...
07/16/2025 11:07:44 PM - kneaddata.utilities - INFO: Reformatting file sequence identifiers ...
07/16/2025 11:11:41 PM - kneaddata.utilities - INFO: READ COUNT: raw pair1 : Initial number of reads ( /data/gaoyunyun/project/anmiaomiao/temp/hr/reformatted_identifiersotxmigd3_decompressed_eldfpaqc_SRR28210381_1 ): 68556289.0
07/16/2025 11:12:33 PM - kneaddata.utilities - INFO: READ COUNT: raw pair2 : Initial number of reads ( /data/gaoyunyun/project/anmiaomiao/temp/hr/reformatted_identifiers7nogw_0r_decompressed_6vu52srd_SRR28210381_2 ): 68556289.0
07/16/2025 11:12:33 PM - kneaddata.knead_data - INFO: Bypass trimming
07/16/2025 11:13:13 PM - kneaddata.utilities - INFO: READ COUNT: trimmed single : Total reads after trimming ( /data/gaoyunyun/project/anmiaomiao/temp/hr/reformatted_identifiersotxmigd3_decompressed_eldfpaqc_SRR28210381_1 ): 68556289.0
07/16/2025 11:13:54 PM - kneaddata.utilities - INFO: READ COUNT: trimmed single : Total reads after trimming ( /data/gaoyunyun/project/anmiaomiao/temp/hr/reformatted_identifiers7nogw_0r_decompressed_6vu52srd_SRR28210381_2 ): 68556289.0
07/16/2025 11:13:54 PM - kneaddata.run - INFO: Decontaminating ...
07/16/2025 11:13:54 PM - kneaddata.utilities - DEBUG: Checking input file to bowtie2 : /data/gaoyunyun/project/anmiaomiao/temp/hr/reformatted_identifiersotxmigd3_decompressed_eldfpaqc_SRR28210381_1
07/16/2025 11:13:54 PM - kneaddata.utilities - DEBUG: Checking input file to bowtie2 : /data/gaoyunyun/project/anmiaomiao/temp/hr/reformatted_identifiers7nogw_0r_decompressed_6vu52srd_SRR28210381_2
07/16/2025 11:13:54 PM - kneaddata.utilities - INFO: Running bowtie2 ... 
07/16/2025 11:13:54 PM - kneaddata.utilities - INFO: Execute command: kneaddata_bowtie2_discordant_pairs --bowtie2 /data/gaoyunyun/miniconda3/envs/kneaddata/bin/bowtie2 --threads 3 -x /data/gaoyunyun/project/anmiaomiao/kneaddata/ath/tair10 --mode strict --bowtie2-options "--very-sensitive --dovetail --phred33" -1 /data/gaoyunyun/project/anmiaomiao/temp/hr/reformatted_identifiersotxmigd3_decompressed_eldfpaqc_SRR28210381_1 -2 /data/gaoyunyun/project/anmiaomiao/temp/hr/reformatted_identifiers7nogw_0r_decompressed_6vu52srd_SRR28210381_2 --un-pair /data/gaoyunyun/project/anmiaomiao/temp/hr/SRR28210381_tair10_bowtie2_paired_clean_%.fastq --al-pair /data/gaoyunyun/project/anmiaomiao/temp/hr/SRR28210381_tair10_bowtie2_paired_contam_%.fastq --un-single /data/gaoyunyun/project/anmiaomiao/temp/hr/SRR28210381_tair10_bowtie2_unmatched_%_clean.fastq --al-single /data/gaoyunyun/project/anmiaomiao/temp/hr/SRR28210381_tair10_bowtie2_unmatched_%_contam.fastq --reorder -S /dev/null
07/17/2025 12:23:38 AM - kneaddata.utilities - DEBUG: b'137112578 reads; of these:\n  137112578 (100.00%) were unpaired; of these:\n    137108836 (100.00%) aligned 0 times\n    568 (0.00%) aligned exactly 1 time\n    3174 (0.00%) aligned >1 times\n0.00% overall alignment rate\npair1_aligned : 3214\npair2_aligned : 3214\npair1_unaligned : 68553075\npair2_unaligned : 68553075\norphan1_aligned : 0\norphan2_aligned : 0\norphan1_unaligned : 0\norphan2_unaligned : 0\n'
07/17/2025 12:23:38 AM - kneaddata.utilities - DEBUG: Checking output file from bowtie2 : /data/gaoyunyun/project/anmiaomiao/temp/hr/SRR28210381_tair10_bowtie2_paired_clean_1.fastq
07/17/2025 12:23:38 AM - kneaddata.utilities - DEBUG: Checking output file from bowtie2 : /data/gaoyunyun/project/anmiaomiao/temp/hr/SRR28210381_tair10_bowtie2_paired_clean_2.fastq
07/17/2025 12:23:38 AM - kneaddata.run - INFO: Total contaminate sequences in file ( /data/gaoyunyun/project/anmiaomiao/temp/hr/SRR28210381_tair10_bowtie2_paired_contam_1.fastq ) : 3214.0
07/17/2025 12:23:38 AM - kneaddata.run - INFO: Total contaminate sequences in file ( /data/gaoyunyun/project/anmiaomiao/temp/hr/SRR28210381_tair10_bowtie2_paired_contam_2.fastq ) : 3214.0
07/17/2025 12:23:38 AM - kneaddata.run - INFO: Total contaminate sequences in file ( /data/gaoyunyun/project/anmiaomiao/temp/hr/SRR28210381_tair10_bowtie2_unmatched_1_contam.fastq ) : 0.0
07/17/2025 12:23:38 AM - kneaddata.run - INFO: Total contaminate sequences in file ( /data/gaoyunyun/project/anmiaomiao/temp/hr/SRR28210381_tair10_bowtie2_unmatched_2_contam.fastq ) : 0.0
07/17/2025 12:24:16 AM - kneaddata.utilities - INFO: READ COUNT: decontaminated tair10 pair1 : Total reads after removing those found in reference database ( /data/gaoyunyun/project/anmiaomiao/temp/hr/SRR28210381_tair10_bowtie2_paired_clean_1.fastq ): 68553075.0
07/17/2025 12:24:54 AM - kneaddata.utilities - INFO: READ COUNT: decontaminated tair10 pair2 : Total reads after removing those found in reference database ( /data/gaoyunyun/project/anmiaomiao/temp/hr/SRR28210381_tair10_bowtie2_paired_clean_2.fastq ): 68553075.0
07/17/2025 12:25:35 AM - kneaddata.utilities - INFO: READ COUNT: final pair1 : Total reads after merging results from multiple databases ( /data/gaoyunyun/project/anmiaomiao/temp/hr/SRR28210381_paired_1.fastq ): 68553075.0
07/17/2025 12:26:16 AM - kneaddata.utilities - INFO: READ COUNT: final pair2 : Total reads after merging results from multiple databases ( /data/gaoyunyun/project/anmiaomiao/temp/hr/SRR28210381_paired_2.fastq ): 68553075.0
07/17/2025 12:26:16 AM - kneaddata.utilities - WARNING: Unable to remove file: /data/gaoyunyun/project/anmiaomiao/temp/hr/SRR28210381_tair10_bowtie2_paired_clean_1.fastq
07/17/2025 12:26:16 AM - kneaddata.utilities - WARNING: Unable to remove file: /data/gaoyunyun/project/anmiaomiao/temp/hr/SRR28210381_tair10_bowtie2_paired_clean_2.fastq
07/17/2025 12:26:16 AM - kneaddata.utilities - INFO: READ COUNT: decontaminated tair10 orphan1 : Total reads after removing those found in reference database ( /data/gaoyunyun/project/anmiaomiao/temp/hr/SRR28210381_tair10_bowtie2_unmatched_1_clean.fastq ): 0.0
07/17/2025 12:26:16 AM - kneaddata.utilities - INFO: READ COUNT: final orphan1 : Total reads after merging results from multiple databases ( /data/gaoyunyun/project/anmiaomiao/temp/hr/SRR28210381_unmatched_1.fastq ): 0.0
07/17/2025 12:26:16 AM - kneaddata.utilities - WARNING: Unable to remove file: /data/gaoyunyun/project/anmiaomiao/temp/hr/SRR28210381_tair10_bowtie2_unmatched_1_clean.fastq
07/17/2025 12:26:16 AM - kneaddata.utilities - INFO: READ COUNT: decontaminated tair10 orphan2 : Total reads after removing those found in reference database ( /data/gaoyunyun/project/anmiaomiao/temp/hr/SRR28210381_tair10_bowtie2_unmatched_2_clean.fastq ): 0.0
07/17/2025 12:26:16 AM - kneaddata.utilities - INFO: READ COUNT: final orphan2 : Total reads after merging results from multiple databases ( /data/gaoyunyun/project/anmiaomiao/temp/hr/SRR28210381_unmatched_2.fastq ): 0.0
07/17/2025 12:26:16 AM - kneaddata.utilities - WARNING: Unable to remove file: /data/gaoyunyun/project/anmiaomiao/temp/hr/SRR28210381_tair10_bowtie2_unmatched_2_clean.fastq
07/17/2025 12:26:24 AM - kneaddata.knead_data - INFO: 
Final output files created: 
/data/gaoyunyun/project/anmiaomiao/temp/hr/SRR28210381_paired_1.fastq
/data/gaoyunyun/project/anmiaomiao/temp/hr/SRR28210381_paired_2.fastq
/data/gaoyunyun/project/anmiaomiao/temp/hr/SRR28210381_unmatched_1.fastq
/data/gaoyunyun/project/anmiaomiao/temp/hr/SRR28210381_unmatched_2.fastq

