07/16/2025 10:46:36 AM - kneaddata.knead_data - INFO: Running kneaddata v0.12.2
07/16/2025 10:46:36 AM - kneaddata.knead_data - INFO: Output files will be written to: /data/gaoyunyun/project/anmiaomiao/temp/hr
07/16/2025 10:46:36 AM - kneaddata.knead_data - DEBUG: Running with the following arguments: 
verbose = True
input1 = temp/qc/SRR28210343_1.fastq.gz
input2 = temp/qc/SRR28210343_2.fastq.gz
unpaired = None
output_dir = /data/gaoyunyun/project/anmiaomiao/temp/hr
scratch_dir = 
reference_db = /data/gaoyunyun/project/anmiaomiao/kneaddata/ath/tair10
bypass_trim = True
output_prefix = SRR28210343
threads = 3
processes = 1
trimmomatic_quality_scores = -phred33
bmtagger = False
bypass_trf = True
run_trf = False
fastqc_start = False
fastqc_end = False
store_temp_output = False
remove_intermediate_output = True
cat_final_output = False
log_level = DEBUG
log = temp/hr/SRR28210343.log
trimmomatic_path = None
run_trim_repetitive = False
max_memory = 500m
trimmomatic_options = None
sequencer_source = NexteraPE
bowtie2_path = /data/gaoyunyun/miniconda3/envs/kneaddata/bin/bowtie2
bowtie2_options = --very-sensitive --dovetail --phred33
decontaminate_pairs = strict
reorder = True
serial = True
bmtagger_path = None
trf_path = None
match = 2
mismatch = 7
delta = 7
pm = 80
pi = 10
minscore = 50
maxperiod = 500
fastqc_path = None
remove_temp_output = True
input = /data/gaoyunyun/project/anmiaomiao/temp/qc/SRR28210343_1.fastq.gz /data/gaoyunyun/project/anmiaomiao/temp/qc/SRR28210343_2.fastq.gz
discordant = True

07/16/2025 10:46:36 AM - kneaddata.utilities - INFO: Decompressing gzipped file ...
07/16/2025 10:50:29 AM - kneaddata.utilities - INFO: Decompressed file created: /data/gaoyunyun/project/anmiaomiao/temp/hr/decompressed_r88c789a_SRR28210343_1.fastq
07/16/2025 10:50:29 AM - kneaddata.utilities - INFO: Decompressing gzipped file ...
07/16/2025 10:54:16 AM - kneaddata.utilities - INFO: Decompressed file created: /data/gaoyunyun/project/anmiaomiao/temp/hr/decompressed_1l0tetus_SRR28210343_2.fastq
07/16/2025 10:54:17 AM - kneaddata.utilities - INFO: Reformatting file sequence identifiers ...
07/16/2025 11:00:24 AM - kneaddata.utilities - INFO: Reformatting file sequence identifiers ...
07/16/2025 11:07:29 AM - kneaddata.utilities - INFO: READ COUNT: raw pair1 : Initial number of reads ( /data/gaoyunyun/project/anmiaomiao/temp/hr/reformatted_identifiersuoyneo89_decompressed_r88c789a_SRR28210343_1 ): 71436086.0
07/16/2025 11:08:06 AM - kneaddata.utilities - INFO: READ COUNT: raw pair2 : Initial number of reads ( /data/gaoyunyun/project/anmiaomiao/temp/hr/reformatted_identifierstul4ezo2_decompressed_1l0tetus_SRR28210343_2 ): 71436086.0
07/16/2025 11:08:06 AM - kneaddata.knead_data - INFO: Bypass trimming
07/16/2025 11:08:45 AM - kneaddata.utilities - INFO: READ COUNT: trimmed single : Total reads after trimming ( /data/gaoyunyun/project/anmiaomiao/temp/hr/reformatted_identifiersuoyneo89_decompressed_r88c789a_SRR28210343_1 ): 71436086.0
07/16/2025 11:09:24 AM - kneaddata.utilities - INFO: READ COUNT: trimmed single : Total reads after trimming ( /data/gaoyunyun/project/anmiaomiao/temp/hr/reformatted_identifierstul4ezo2_decompressed_1l0tetus_SRR28210343_2 ): 71436086.0
07/16/2025 11:09:24 AM - kneaddata.run - INFO: Decontaminating ...
07/16/2025 11:09:24 AM - kneaddata.utilities - DEBUG: Checking input file to bowtie2 : /data/gaoyunyun/project/anmiaomiao/temp/hr/reformatted_identifiersuoyneo89_decompressed_r88c789a_SRR28210343_1
07/16/2025 11:09:24 AM - kneaddata.utilities - DEBUG: Checking input file to bowtie2 : /data/gaoyunyun/project/anmiaomiao/temp/hr/reformatted_identifierstul4ezo2_decompressed_1l0tetus_SRR28210343_2
07/16/2025 11:09:24 AM - kneaddata.utilities - INFO: Running bowtie2 ... 
07/16/2025 11:09:24 AM - kneaddata.utilities - INFO: Execute command: kneaddata_bowtie2_discordant_pairs --bowtie2 /data/gaoyunyun/miniconda3/envs/kneaddata/bin/bowtie2 --threads 3 -x /data/gaoyunyun/project/anmiaomiao/kneaddata/ath/tair10 --mode strict --bowtie2-options "--very-sensitive --dovetail --phred33" -1 /data/gaoyunyun/project/anmiaomiao/temp/hr/reformatted_identifiersuoyneo89_decompressed_r88c789a_SRR28210343_1 -2 /data/gaoyunyun/project/anmiaomiao/temp/hr/reformatted_identifierstul4ezo2_decompressed_1l0tetus_SRR28210343_2 --un-pair /data/gaoyunyun/project/anmiaomiao/temp/hr/SRR28210343_tair10_bowtie2_paired_clean_%.fastq --al-pair /data/gaoyunyun/project/anmiaomiao/temp/hr/SRR28210343_tair10_bowtie2_paired_contam_%.fastq --un-single /data/gaoyunyun/project/anmiaomiao/temp/hr/SRR28210343_tair10_bowtie2_unmatched_%_clean.fastq --al-single /data/gaoyunyun/project/anmiaomiao/temp/hr/SRR28210343_tair10_bowtie2_unmatched_%_contam.fastq --reorder -S /dev/null
07/16/2025 12:29:14 PM - kneaddata.utilities - DEBUG: b'142872172 reads; of these:\n  142872172 (100.00%) were unpaired; of these:\n    142846505 (99.98%) aligned 0 times\n    9466 (0.01%) aligned exactly 1 time\n    16201 (0.01%) aligned >1 times\n0.02% overall alignment rate\npair1_aligned : 13662\npair2_aligned : 13662\npair1_unaligned : 71422424\npair2_unaligned : 71422424\norphan1_aligned : 0\norphan2_aligned : 0\norphan1_unaligned : 0\norphan2_unaligned : 0\n'
07/16/2025 12:29:14 PM - kneaddata.utilities - DEBUG: Checking output file from bowtie2 : /data/gaoyunyun/project/anmiaomiao/temp/hr/SRR28210343_tair10_bowtie2_paired_clean_1.fastq
07/16/2025 12:29:14 PM - kneaddata.utilities - DEBUG: Checking output file from bowtie2 : /data/gaoyunyun/project/anmiaomiao/temp/hr/SRR28210343_tair10_bowtie2_paired_clean_2.fastq
07/16/2025 12:29:14 PM - kneaddata.run - INFO: Total contaminate sequences in file ( /data/gaoyunyun/project/anmiaomiao/temp/hr/SRR28210343_tair10_bowtie2_paired_contam_1.fastq ) : 13662.0
07/16/2025 12:29:14 PM - kneaddata.run - INFO: Total contaminate sequences in file ( /data/gaoyunyun/project/anmiaomiao/temp/hr/SRR28210343_tair10_bowtie2_paired_contam_2.fastq ) : 13662.0
07/16/2025 12:29:14 PM - kneaddata.run - INFO: Total contaminate sequences in file ( /data/gaoyunyun/project/anmiaomiao/temp/hr/SRR28210343_tair10_bowtie2_unmatched_1_contam.fastq ) : 0.0
07/16/2025 12:29:14 PM - kneaddata.run - INFO: Total contaminate sequences in file ( /data/gaoyunyun/project/anmiaomiao/temp/hr/SRR28210343_tair10_bowtie2_unmatched_2_contam.fastq ) : 0.0
07/16/2025 12:29:52 PM - kneaddata.utilities - INFO: READ COUNT: decontaminated tair10 pair1 : Total reads after removing those found in reference database ( /data/gaoyunyun/project/anmiaomiao/temp/hr/SRR28210343_tair10_bowtie2_paired_clean_1.fastq ): 71422424.0
07/16/2025 12:30:30 PM - kneaddata.utilities - INFO: READ COUNT: decontaminated tair10 pair2 : Total reads after removing those found in reference database ( /data/gaoyunyun/project/anmiaomiao/temp/hr/SRR28210343_tair10_bowtie2_paired_clean_2.fastq ): 71422424.0
07/16/2025 12:31:10 PM - kneaddata.utilities - INFO: READ COUNT: final pair1 : Total reads after merging results from multiple databases ( /data/gaoyunyun/project/anmiaomiao/temp/hr/SRR28210343_paired_1.fastq ): 71422424.0
07/16/2025 12:31:50 PM - kneaddata.utilities - INFO: READ COUNT: final pair2 : Total reads after merging results from multiple databases ( /data/gaoyunyun/project/anmiaomiao/temp/hr/SRR28210343_paired_2.fastq ): 71422424.0
07/16/2025 12:31:50 PM - kneaddata.utilities - WARNING: Unable to remove file: /data/gaoyunyun/project/anmiaomiao/temp/hr/SRR28210343_tair10_bowtie2_paired_clean_1.fastq
07/16/2025 12:31:50 PM - kneaddata.utilities - WARNING: Unable to remove file: /data/gaoyunyun/project/anmiaomiao/temp/hr/SRR28210343_tair10_bowtie2_paired_clean_2.fastq
07/16/2025 12:31:50 PM - kneaddata.utilities - INFO: READ COUNT: decontaminated tair10 orphan1 : Total reads after removing those found in reference database ( /data/gaoyunyun/project/anmiaomiao/temp/hr/SRR28210343_tair10_bowtie2_unmatched_1_clean.fastq ): 0.0
07/16/2025 12:31:50 PM - kneaddata.utilities - INFO: READ COUNT: final orphan1 : Total reads after merging results from multiple databases ( /data/gaoyunyun/project/anmiaomiao/temp/hr/SRR28210343_unmatched_1.fastq ): 0.0
07/16/2025 12:31:50 PM - kneaddata.utilities - WARNING: Unable to remove file: /data/gaoyunyun/project/anmiaomiao/temp/hr/SRR28210343_tair10_bowtie2_unmatched_1_clean.fastq
07/16/2025 12:31:50 PM - kneaddata.utilities - INFO: READ COUNT: decontaminated tair10 orphan2 : Total reads after removing those found in reference database ( /data/gaoyunyun/project/anmiaomiao/temp/hr/SRR28210343_tair10_bowtie2_unmatched_2_clean.fastq ): 0.0
07/16/2025 12:31:50 PM - kneaddata.utilities - INFO: READ COUNT: final orphan2 : Total reads after merging results from multiple databases ( /data/gaoyunyun/project/anmiaomiao/temp/hr/SRR28210343_unmatched_2.fastq ): 0.0
07/16/2025 12:31:50 PM - kneaddata.utilities - WARNING: Unable to remove file: /data/gaoyunyun/project/anmiaomiao/temp/hr/SRR28210343_tair10_bowtie2_unmatched_2_clean.fastq
07/16/2025 12:31:56 PM - kneaddata.knead_data - INFO: 
Final output files created: 
/data/gaoyunyun/project/anmiaomiao/temp/hr/SRR28210343_paired_1.fastq
/data/gaoyunyun/project/anmiaomiao/temp/hr/SRR28210343_paired_2.fastq
/data/gaoyunyun/project/anmiaomiao/temp/hr/SRR28210343_unmatched_1.fastq
/data/gaoyunyun/project/anmiaomiao/temp/hr/SRR28210343_unmatched_2.fastq

