07/16/2025 08:01:41 PM - kneaddata.knead_data - INFO: Running kneaddata v0.12.2
07/16/2025 08:01:41 PM - kneaddata.knead_data - INFO: Output files will be written to: /data/gaoyunyun/project/anmiaomiao/temp/hr
07/16/2025 08:01:41 PM - kneaddata.knead_data - DEBUG: Running with the following arguments: 
verbose = True
input1 = temp/qc/SRR28210372_1.fastq.gz
input2 = temp/qc/SRR28210372_2.fastq.gz
unpaired = None
output_dir = /data/gaoyunyun/project/anmiaomiao/temp/hr
scratch_dir = 
reference_db = /data/gaoyunyun/project/anmiaomiao/kneaddata/ath/tair10
bypass_trim = True
output_prefix = SRR28210372
threads = 3
processes = 1
trimmomatic_quality_scores = -phred33
bmtagger = False
bypass_trf = True
run_trf = False
fastqc_start = False
fastqc_end = False
store_temp_output = False
remove_intermediate_output = True
cat_final_output = False
log_level = DEBUG
log = temp/hr/SRR28210372.log
trimmomatic_path = None
run_trim_repetitive = False
max_memory = 500m
trimmomatic_options = None
sequencer_source = NexteraPE
bowtie2_path = /data/gaoyunyun/miniconda3/envs/kneaddata/bin/bowtie2
bowtie2_options = --very-sensitive --dovetail --phred33
decontaminate_pairs = strict
reorder = True
serial = True
bmtagger_path = None
trf_path = None
match = 2
mismatch = 7
delta = 7
pm = 80
pi = 10
minscore = 50
maxperiod = 500
fastqc_path = None
remove_temp_output = True
input = /data/gaoyunyun/project/anmiaomiao/temp/qc/SRR28210372_1.fastq.gz /data/gaoyunyun/project/anmiaomiao/temp/qc/SRR28210372_2.fastq.gz
discordant = True

07/16/2025 08:01:41 PM - kneaddata.utilities - INFO: Decompressing gzipped file ...
07/16/2025 08:03:10 PM - kneaddata.utilities - INFO: Decompressed file created: /data/gaoyunyun/project/anmiaomiao/temp/hr/decompressed_0e4d_klb_SRR28210372_1.fastq
07/16/2025 08:03:10 PM - kneaddata.utilities - INFO: Decompressing gzipped file ...
07/16/2025 08:04:45 PM - kneaddata.utilities - INFO: Decompressed file created: /data/gaoyunyun/project/anmiaomiao/temp/hr/decompressed_56uh0t2k_SRR28210372_2.fastq
07/16/2025 08:04:45 PM - kneaddata.utilities - INFO: Reformatting file sequence identifiers ...
07/16/2025 08:06:06 PM - kneaddata.utilities - INFO: Reformatting file sequence identifiers ...
07/16/2025 08:07:59 PM - kneaddata.utilities - INFO: READ COUNT: raw pair1 : Initial number of reads ( /data/gaoyunyun/project/anmiaomiao/temp/hr/reformatted_identifierso04re0ql_decompressed_0e4d_klb_SRR28210372_1 ): 40099788.0
07/16/2025 08:08:20 PM - kneaddata.utilities - INFO: READ COUNT: raw pair2 : Initial number of reads ( /data/gaoyunyun/project/anmiaomiao/temp/hr/reformatted_identifiers0h12pk81_decompressed_56uh0t2k_SRR28210372_2 ): 40099788.0
07/16/2025 08:08:20 PM - kneaddata.knead_data - INFO: Bypass trimming
07/16/2025 08:08:43 PM - kneaddata.utilities - INFO: READ COUNT: trimmed single : Total reads after trimming ( /data/gaoyunyun/project/anmiaomiao/temp/hr/reformatted_identifierso04re0ql_decompressed_0e4d_klb_SRR28210372_1 ): 40099788.0
07/16/2025 08:09:06 PM - kneaddata.utilities - INFO: READ COUNT: trimmed single : Total reads after trimming ( /data/gaoyunyun/project/anmiaomiao/temp/hr/reformatted_identifiers0h12pk81_decompressed_56uh0t2k_SRR28210372_2 ): 40099788.0
07/16/2025 08:09:06 PM - kneaddata.run - INFO: Decontaminating ...
07/16/2025 08:09:06 PM - kneaddata.utilities - DEBUG: Checking input file to bowtie2 : /data/gaoyunyun/project/anmiaomiao/temp/hr/reformatted_identifierso04re0ql_decompressed_0e4d_klb_SRR28210372_1
07/16/2025 08:09:06 PM - kneaddata.utilities - DEBUG: Checking input file to bowtie2 : /data/gaoyunyun/project/anmiaomiao/temp/hr/reformatted_identifiers0h12pk81_decompressed_56uh0t2k_SRR28210372_2
07/16/2025 08:09:06 PM - kneaddata.utilities - INFO: Running bowtie2 ... 
07/16/2025 08:09:06 PM - kneaddata.utilities - INFO: Execute command: kneaddata_bowtie2_discordant_pairs --bowtie2 /data/gaoyunyun/miniconda3/envs/kneaddata/bin/bowtie2 --threads 3 -x /data/gaoyunyun/project/anmiaomiao/kneaddata/ath/tair10 --mode strict --bowtie2-options "--very-sensitive --dovetail --phred33" -1 /data/gaoyunyun/project/anmiaomiao/temp/hr/reformatted_identifierso04re0ql_decompressed_0e4d_klb_SRR28210372_1 -2 /data/gaoyunyun/project/anmiaomiao/temp/hr/reformatted_identifiers0h12pk81_decompressed_56uh0t2k_SRR28210372_2 --un-pair /data/gaoyunyun/project/anmiaomiao/temp/hr/SRR28210372_tair10_bowtie2_paired_clean_%.fastq --al-pair /data/gaoyunyun/project/anmiaomiao/temp/hr/SRR28210372_tair10_bowtie2_paired_contam_%.fastq --un-single /data/gaoyunyun/project/anmiaomiao/temp/hr/SRR28210372_tair10_bowtie2_unmatched_%_clean.fastq --al-single /data/gaoyunyun/project/anmiaomiao/temp/hr/SRR28210372_tair10_bowtie2_unmatched_%_contam.fastq --reorder -S /dev/null
07/16/2025 08:50:34 PM - kneaddata.utilities - DEBUG: b'80199576 reads; of these:\n  80199576 (100.00%) were unpaired; of these:\n    80197457 (100.00%) aligned 0 times\n    634 (0.00%) aligned exactly 1 time\n    1485 (0.00%) aligned >1 times\n0.00% overall alignment rate\npair1_aligned : 1603\npair2_aligned : 1603\npair1_unaligned : 40098185\npair2_unaligned : 40098185\norphan1_aligned : 0\norphan2_aligned : 0\norphan1_unaligned : 0\norphan2_unaligned : 0\n'
07/16/2025 08:50:34 PM - kneaddata.utilities - DEBUG: Checking output file from bowtie2 : /data/gaoyunyun/project/anmiaomiao/temp/hr/SRR28210372_tair10_bowtie2_paired_clean_1.fastq
07/16/2025 08:50:34 PM - kneaddata.utilities - DEBUG: Checking output file from bowtie2 : /data/gaoyunyun/project/anmiaomiao/temp/hr/SRR28210372_tair10_bowtie2_paired_clean_2.fastq
07/16/2025 08:50:34 PM - kneaddata.run - INFO: Total contaminate sequences in file ( /data/gaoyunyun/project/anmiaomiao/temp/hr/SRR28210372_tair10_bowtie2_paired_contam_1.fastq ) : 1603.0
07/16/2025 08:50:34 PM - kneaddata.run - INFO: Total contaminate sequences in file ( /data/gaoyunyun/project/anmiaomiao/temp/hr/SRR28210372_tair10_bowtie2_paired_contam_2.fastq ) : 1603.0
07/16/2025 08:50:34 PM - kneaddata.run - INFO: Total contaminate sequences in file ( /data/gaoyunyun/project/anmiaomiao/temp/hr/SRR28210372_tair10_bowtie2_unmatched_1_contam.fastq ) : 0.0
07/16/2025 08:50:34 PM - kneaddata.run - INFO: Total contaminate sequences in file ( /data/gaoyunyun/project/anmiaomiao/temp/hr/SRR28210372_tair10_bowtie2_unmatched_2_contam.fastq ) : 0.0
07/16/2025 08:50:56 PM - kneaddata.utilities - INFO: READ COUNT: decontaminated tair10 pair1 : Total reads after removing those found in reference database ( /data/gaoyunyun/project/anmiaomiao/temp/hr/SRR28210372_tair10_bowtie2_paired_clean_1.fastq ): 40098185.0
07/16/2025 08:51:17 PM - kneaddata.utilities - INFO: READ COUNT: decontaminated tair10 pair2 : Total reads after removing those found in reference database ( /data/gaoyunyun/project/anmiaomiao/temp/hr/SRR28210372_tair10_bowtie2_paired_clean_2.fastq ): 40098185.0
07/16/2025 08:51:41 PM - kneaddata.utilities - INFO: READ COUNT: final pair1 : Total reads after merging results from multiple databases ( /data/gaoyunyun/project/anmiaomiao/temp/hr/SRR28210372_paired_1.fastq ): 40098185.0
07/16/2025 08:52:03 PM - kneaddata.utilities - INFO: READ COUNT: final pair2 : Total reads after merging results from multiple databases ( /data/gaoyunyun/project/anmiaomiao/temp/hr/SRR28210372_paired_2.fastq ): 40098185.0
07/16/2025 08:52:03 PM - kneaddata.utilities - WARNING: Unable to remove file: /data/gaoyunyun/project/anmiaomiao/temp/hr/SRR28210372_tair10_bowtie2_paired_clean_1.fastq
07/16/2025 08:52:03 PM - kneaddata.utilities - WARNING: Unable to remove file: /data/gaoyunyun/project/anmiaomiao/temp/hr/SRR28210372_tair10_bowtie2_paired_clean_2.fastq
07/16/2025 08:52:03 PM - kneaddata.utilities - INFO: READ COUNT: decontaminated tair10 orphan1 : Total reads after removing those found in reference database ( /data/gaoyunyun/project/anmiaomiao/temp/hr/SRR28210372_tair10_bowtie2_unmatched_1_clean.fastq ): 0.0
07/16/2025 08:52:03 PM - kneaddata.utilities - INFO: READ COUNT: final orphan1 : Total reads after merging results from multiple databases ( /data/gaoyunyun/project/anmiaomiao/temp/hr/SRR28210372_unmatched_1.fastq ): 0.0
07/16/2025 08:52:03 PM - kneaddata.utilities - WARNING: Unable to remove file: /data/gaoyunyun/project/anmiaomiao/temp/hr/SRR28210372_tair10_bowtie2_unmatched_1_clean.fastq
07/16/2025 08:52:03 PM - kneaddata.utilities - INFO: READ COUNT: decontaminated tair10 orphan2 : Total reads after removing those found in reference database ( /data/gaoyunyun/project/anmiaomiao/temp/hr/SRR28210372_tair10_bowtie2_unmatched_2_clean.fastq ): 0.0
07/16/2025 08:52:03 PM - kneaddata.utilities - INFO: READ COUNT: final orphan2 : Total reads after merging results from multiple databases ( /data/gaoyunyun/project/anmiaomiao/temp/hr/SRR28210372_unmatched_2.fastq ): 0.0
07/16/2025 08:52:03 PM - kneaddata.utilities - WARNING: Unable to remove file: /data/gaoyunyun/project/anmiaomiao/temp/hr/SRR28210372_tair10_bowtie2_unmatched_2_clean.fastq
07/16/2025 08:52:09 PM - kneaddata.knead_data - INFO: 
Final output files created: 
/data/gaoyunyun/project/anmiaomiao/temp/hr/SRR28210372_paired_1.fastq
/data/gaoyunyun/project/anmiaomiao/temp/hr/SRR28210372_paired_2.fastq
/data/gaoyunyun/project/anmiaomiao/temp/hr/SRR28210372_unmatched_1.fastq
/data/gaoyunyun/project/anmiaomiao/temp/hr/SRR28210372_unmatched_2.fastq

