07/16/2025 06:54:49 PM - kneaddata.knead_data - INFO: Running kneaddata v0.12.2
07/16/2025 06:54:49 PM - kneaddata.knead_data - INFO: Output files will be written to: /data/gaoyunyun/project/anmiaomiao/temp/hr
07/16/2025 06:54:49 PM - kneaddata.knead_data - DEBUG: Running with the following arguments: 
verbose = True
input1 = temp/qc/SRR28210369_1.fastq.gz
input2 = temp/qc/SRR28210369_2.fastq.gz
unpaired = None
output_dir = /data/gaoyunyun/project/anmiaomiao/temp/hr
scratch_dir = 
reference_db = /data/gaoyunyun/project/anmiaomiao/kneaddata/ath/tair10
bypass_trim = True
output_prefix = SRR28210369
threads = 3
processes = 1
trimmomatic_quality_scores = -phred33
bmtagger = False
bypass_trf = True
run_trf = False
fastqc_start = False
fastqc_end = False
store_temp_output = False
remove_intermediate_output = True
cat_final_output = False
log_level = DEBUG
log = temp/hr/SRR28210369.log
trimmomatic_path = None
run_trim_repetitive = False
max_memory = 500m
trimmomatic_options = None
sequencer_source = NexteraPE
bowtie2_path = /data/gaoyunyun/miniconda3/envs/kneaddata/bin/bowtie2
bowtie2_options = --very-sensitive --dovetail --phred33
decontaminate_pairs = strict
reorder = True
serial = True
bmtagger_path = None
trf_path = None
match = 2
mismatch = 7
delta = 7
pm = 80
pi = 10
minscore = 50
maxperiod = 500
fastqc_path = None
remove_temp_output = True
input = /data/gaoyunyun/project/anmiaomiao/temp/qc/SRR28210369_1.fastq.gz /data/gaoyunyun/project/anmiaomiao/temp/qc/SRR28210369_2.fastq.gz
discordant = True

07/16/2025 06:54:49 PM - kneaddata.utilities - INFO: Decompressing gzipped file ...
07/16/2025 06:57:27 PM - kneaddata.utilities - INFO: Decompressed file created: /data/gaoyunyun/project/anmiaomiao/temp/hr/decompressed_c_vz8h7m_SRR28210369_1.fastq
07/16/2025 06:57:27 PM - kneaddata.utilities - INFO: Decompressing gzipped file ...
07/16/2025 07:00:11 PM - kneaddata.utilities - INFO: Decompressed file created: /data/gaoyunyun/project/anmiaomiao/temp/hr/decompressed_cb30nwyn_SRR28210369_2.fastq
07/16/2025 07:00:11 PM - kneaddata.utilities - INFO: Reformatting file sequence identifiers ...
07/16/2025 07:02:12 PM - kneaddata.utilities - INFO: Reformatting file sequence identifiers ...
07/16/2025 07:05:12 PM - kneaddata.utilities - INFO: READ COUNT: raw pair1 : Initial number of reads ( /data/gaoyunyun/project/anmiaomiao/temp/hr/reformatted_identifiersjfzc259p_decompressed_c_vz8h7m_SRR28210369_1 ): 66399170.0
07/16/2025 07:05:48 PM - kneaddata.utilities - INFO: READ COUNT: raw pair2 : Initial number of reads ( /data/gaoyunyun/project/anmiaomiao/temp/hr/reformatted_identifiersusr0uvd7_decompressed_cb30nwyn_SRR28210369_2 ): 66399170.0
07/16/2025 07:05:48 PM - kneaddata.knead_data - INFO: Bypass trimming
07/16/2025 07:06:29 PM - kneaddata.utilities - INFO: READ COUNT: trimmed single : Total reads after trimming ( /data/gaoyunyun/project/anmiaomiao/temp/hr/reformatted_identifiersjfzc259p_decompressed_c_vz8h7m_SRR28210369_1 ): 66399170.0
07/16/2025 07:07:07 PM - kneaddata.utilities - INFO: READ COUNT: trimmed single : Total reads after trimming ( /data/gaoyunyun/project/anmiaomiao/temp/hr/reformatted_identifiersusr0uvd7_decompressed_cb30nwyn_SRR28210369_2 ): 66399170.0
07/16/2025 07:07:07 PM - kneaddata.run - INFO: Decontaminating ...
07/16/2025 07:07:07 PM - kneaddata.utilities - DEBUG: Checking input file to bowtie2 : /data/gaoyunyun/project/anmiaomiao/temp/hr/reformatted_identifiersjfzc259p_decompressed_c_vz8h7m_SRR28210369_1
07/16/2025 07:07:07 PM - kneaddata.utilities - DEBUG: Checking input file to bowtie2 : /data/gaoyunyun/project/anmiaomiao/temp/hr/reformatted_identifiersusr0uvd7_decompressed_cb30nwyn_SRR28210369_2
07/16/2025 07:07:07 PM - kneaddata.utilities - INFO: Running bowtie2 ... 
07/16/2025 07:07:07 PM - kneaddata.utilities - INFO: Execute command: kneaddata_bowtie2_discordant_pairs --bowtie2 /data/gaoyunyun/miniconda3/envs/kneaddata/bin/bowtie2 --threads 3 -x /data/gaoyunyun/project/anmiaomiao/kneaddata/ath/tair10 --mode strict --bowtie2-options "--very-sensitive --dovetail --phred33" -1 /data/gaoyunyun/project/anmiaomiao/temp/hr/reformatted_identifiersjfzc259p_decompressed_c_vz8h7m_SRR28210369_1 -2 /data/gaoyunyun/project/anmiaomiao/temp/hr/reformatted_identifiersusr0uvd7_decompressed_cb30nwyn_SRR28210369_2 --un-pair /data/gaoyunyun/project/anmiaomiao/temp/hr/SRR28210369_tair10_bowtie2_paired_clean_%.fastq --al-pair /data/gaoyunyun/project/anmiaomiao/temp/hr/SRR28210369_tair10_bowtie2_paired_contam_%.fastq --un-single /data/gaoyunyun/project/anmiaomiao/temp/hr/SRR28210369_tair10_bowtie2_unmatched_%_clean.fastq --al-single /data/gaoyunyun/project/anmiaomiao/temp/hr/SRR28210369_tair10_bowtie2_unmatched_%_contam.fastq --reorder -S /dev/null
07/16/2025 08:15:50 PM - kneaddata.utilities - DEBUG: b'132798340 reads; of these:\n  132798340 (100.00%) were unpaired; of these:\n    132787735 (99.99%) aligned 0 times\n    4889 (0.00%) aligned exactly 1 time\n    5716 (0.00%) aligned >1 times\n0.01% overall alignment rate\npair1_aligned : 6634\npair2_aligned : 6634\npair1_unaligned : 66392536\npair2_unaligned : 66392536\norphan1_aligned : 0\norphan2_aligned : 0\norphan1_unaligned : 0\norphan2_unaligned : 0\n'
07/16/2025 08:15:50 PM - kneaddata.utilities - DEBUG: Checking output file from bowtie2 : /data/gaoyunyun/project/anmiaomiao/temp/hr/SRR28210369_tair10_bowtie2_paired_clean_1.fastq
07/16/2025 08:15:50 PM - kneaddata.utilities - DEBUG: Checking output file from bowtie2 : /data/gaoyunyun/project/anmiaomiao/temp/hr/SRR28210369_tair10_bowtie2_paired_clean_2.fastq
07/16/2025 08:15:50 PM - kneaddata.run - INFO: Total contaminate sequences in file ( /data/gaoyunyun/project/anmiaomiao/temp/hr/SRR28210369_tair10_bowtie2_paired_contam_1.fastq ) : 6634.0
07/16/2025 08:15:50 PM - kneaddata.run - INFO: Total contaminate sequences in file ( /data/gaoyunyun/project/anmiaomiao/temp/hr/SRR28210369_tair10_bowtie2_paired_contam_2.fastq ) : 6634.0
07/16/2025 08:15:50 PM - kneaddata.run - INFO: Total contaminate sequences in file ( /data/gaoyunyun/project/anmiaomiao/temp/hr/SRR28210369_tair10_bowtie2_unmatched_1_contam.fastq ) : 0.0
07/16/2025 08:15:50 PM - kneaddata.run - INFO: Total contaminate sequences in file ( /data/gaoyunyun/project/anmiaomiao/temp/hr/SRR28210369_tair10_bowtie2_unmatched_2_contam.fastq ) : 0.0
07/16/2025 08:16:36 PM - kneaddata.utilities - INFO: READ COUNT: decontaminated tair10 pair1 : Total reads after removing those found in reference database ( /data/gaoyunyun/project/anmiaomiao/temp/hr/SRR28210369_tair10_bowtie2_paired_clean_1.fastq ): 66392536.0
07/16/2025 08:17:14 PM - kneaddata.utilities - INFO: READ COUNT: decontaminated tair10 pair2 : Total reads after removing those found in reference database ( /data/gaoyunyun/project/anmiaomiao/temp/hr/SRR28210369_tair10_bowtie2_paired_clean_2.fastq ): 66392536.0
07/16/2025 08:17:55 PM - kneaddata.utilities - INFO: READ COUNT: final pair1 : Total reads after merging results from multiple databases ( /data/gaoyunyun/project/anmiaomiao/temp/hr/SRR28210369_paired_1.fastq ): 66392536.0
07/16/2025 08:18:36 PM - kneaddata.utilities - INFO: READ COUNT: final pair2 : Total reads after merging results from multiple databases ( /data/gaoyunyun/project/anmiaomiao/temp/hr/SRR28210369_paired_2.fastq ): 66392536.0
07/16/2025 08:18:36 PM - kneaddata.utilities - WARNING: Unable to remove file: /data/gaoyunyun/project/anmiaomiao/temp/hr/SRR28210369_tair10_bowtie2_paired_clean_1.fastq
07/16/2025 08:18:36 PM - kneaddata.utilities - WARNING: Unable to remove file: /data/gaoyunyun/project/anmiaomiao/temp/hr/SRR28210369_tair10_bowtie2_paired_clean_2.fastq
07/16/2025 08:18:36 PM - kneaddata.utilities - INFO: READ COUNT: decontaminated tair10 orphan1 : Total reads after removing those found in reference database ( /data/gaoyunyun/project/anmiaomiao/temp/hr/SRR28210369_tair10_bowtie2_unmatched_1_clean.fastq ): 0.0
07/16/2025 08:18:36 PM - kneaddata.utilities - INFO: READ COUNT: final orphan1 : Total reads after merging results from multiple databases ( /data/gaoyunyun/project/anmiaomiao/temp/hr/SRR28210369_unmatched_1.fastq ): 0.0
07/16/2025 08:18:36 PM - kneaddata.utilities - WARNING: Unable to remove file: /data/gaoyunyun/project/anmiaomiao/temp/hr/SRR28210369_tair10_bowtie2_unmatched_1_clean.fastq
07/16/2025 08:18:36 PM - kneaddata.utilities - INFO: READ COUNT: decontaminated tair10 orphan2 : Total reads after removing those found in reference database ( /data/gaoyunyun/project/anmiaomiao/temp/hr/SRR28210369_tair10_bowtie2_unmatched_2_clean.fastq ): 0.0
07/16/2025 08:18:36 PM - kneaddata.utilities - INFO: READ COUNT: final orphan2 : Total reads after merging results from multiple databases ( /data/gaoyunyun/project/anmiaomiao/temp/hr/SRR28210369_unmatched_2.fastq ): 0.0
07/16/2025 08:18:36 PM - kneaddata.utilities - WARNING: Unable to remove file: /data/gaoyunyun/project/anmiaomiao/temp/hr/SRR28210369_tair10_bowtie2_unmatched_2_clean.fastq
07/16/2025 08:18:47 PM - kneaddata.knead_data - INFO: 
Final output files created: 
/data/gaoyunyun/project/anmiaomiao/temp/hr/SRR28210369_paired_1.fastq
/data/gaoyunyun/project/anmiaomiao/temp/hr/SRR28210369_paired_2.fastq
/data/gaoyunyun/project/anmiaomiao/temp/hr/SRR28210369_unmatched_1.fastq
/data/gaoyunyun/project/anmiaomiao/temp/hr/SRR28210369_unmatched_2.fastq

