07/16/2025 06:42:11 PM - kneaddata.knead_data - INFO: Running kneaddata v0.12.2
07/16/2025 06:42:11 PM - kneaddata.knead_data - INFO: Output files will be written to: /data/gaoyunyun/project/anmiaomiao/temp/hr
07/16/2025 06:42:11 PM - kneaddata.knead_data - DEBUG: Running with the following arguments: 
verbose = True
input1 = temp/qc/SRR28210368_1.fastq.gz
input2 = temp/qc/SRR28210368_2.fastq.gz
unpaired = None
output_dir = /data/gaoyunyun/project/anmiaomiao/temp/hr
scratch_dir = 
reference_db = /data/gaoyunyun/project/anmiaomiao/kneaddata/ath/tair10
bypass_trim = True
output_prefix = SRR28210368
threads = 3
processes = 1
trimmomatic_quality_scores = -phred33
bmtagger = False
bypass_trf = True
run_trf = False
fastqc_start = False
fastqc_end = False
store_temp_output = False
remove_intermediate_output = True
cat_final_output = False
log_level = DEBUG
log = temp/hr/SRR28210368.log
trimmomatic_path = None
run_trim_repetitive = False
max_memory = 500m
trimmomatic_options = None
sequencer_source = NexteraPE
bowtie2_path = /data/gaoyunyun/miniconda3/envs/kneaddata/bin/bowtie2
bowtie2_options = --very-sensitive --dovetail --phred33
decontaminate_pairs = strict
reorder = True
serial = True
bmtagger_path = None
trf_path = None
match = 2
mismatch = 7
delta = 7
pm = 80
pi = 10
minscore = 50
maxperiod = 500
fastqc_path = None
remove_temp_output = True
input = /data/gaoyunyun/project/anmiaomiao/temp/qc/SRR28210368_1.fastq.gz /data/gaoyunyun/project/anmiaomiao/temp/qc/SRR28210368_2.fastq.gz
discordant = True

07/16/2025 06:42:11 PM - kneaddata.utilities - INFO: Decompressing gzipped file ...
07/16/2025 06:43:39 PM - kneaddata.utilities - INFO: Decompressed file created: /data/gaoyunyun/project/anmiaomiao/temp/hr/decompressed_m4sgdnmy_SRR28210368_1.fastq
07/16/2025 06:43:39 PM - kneaddata.utilities - INFO: Decompressing gzipped file ...
07/16/2025 06:45:08 PM - kneaddata.utilities - INFO: Decompressed file created: /data/gaoyunyun/project/anmiaomiao/temp/hr/decompressed_ul1ndpjo_SRR28210368_2.fastq
07/16/2025 06:45:08 PM - kneaddata.utilities - INFO: Reformatting file sequence identifiers ...
07/16/2025 06:46:17 PM - kneaddata.utilities - INFO: Reformatting file sequence identifiers ...
07/16/2025 06:47:50 PM - kneaddata.utilities - INFO: READ COUNT: raw pair1 : Initial number of reads ( /data/gaoyunyun/project/anmiaomiao/temp/hr/reformatted_identifiers4htejv6w_decompressed_m4sgdnmy_SRR28210368_1 ): 35786030.0
07/16/2025 06:48:08 PM - kneaddata.utilities - INFO: READ COUNT: raw pair2 : Initial number of reads ( /data/gaoyunyun/project/anmiaomiao/temp/hr/reformatted_identifiersbtg3_ldq_decompressed_ul1ndpjo_SRR28210368_2 ): 35786030.0
07/16/2025 06:48:08 PM - kneaddata.knead_data - INFO: Bypass trimming
07/16/2025 06:48:29 PM - kneaddata.utilities - INFO: READ COUNT: trimmed single : Total reads after trimming ( /data/gaoyunyun/project/anmiaomiao/temp/hr/reformatted_identifiers4htejv6w_decompressed_m4sgdnmy_SRR28210368_1 ): 35786030.0
07/16/2025 06:48:47 PM - kneaddata.utilities - INFO: READ COUNT: trimmed single : Total reads after trimming ( /data/gaoyunyun/project/anmiaomiao/temp/hr/reformatted_identifiersbtg3_ldq_decompressed_ul1ndpjo_SRR28210368_2 ): 35786030.0
07/16/2025 06:48:47 PM - kneaddata.run - INFO: Decontaminating ...
07/16/2025 06:48:47 PM - kneaddata.utilities - DEBUG: Checking input file to bowtie2 : /data/gaoyunyun/project/anmiaomiao/temp/hr/reformatted_identifiers4htejv6w_decompressed_m4sgdnmy_SRR28210368_1
07/16/2025 06:48:47 PM - kneaddata.utilities - DEBUG: Checking input file to bowtie2 : /data/gaoyunyun/project/anmiaomiao/temp/hr/reformatted_identifiersbtg3_ldq_decompressed_ul1ndpjo_SRR28210368_2
07/16/2025 06:48:47 PM - kneaddata.utilities - INFO: Running bowtie2 ... 
07/16/2025 06:48:47 PM - kneaddata.utilities - INFO: Execute command: kneaddata_bowtie2_discordant_pairs --bowtie2 /data/gaoyunyun/miniconda3/envs/kneaddata/bin/bowtie2 --threads 3 -x /data/gaoyunyun/project/anmiaomiao/kneaddata/ath/tair10 --mode strict --bowtie2-options "--very-sensitive --dovetail --phred33" -1 /data/gaoyunyun/project/anmiaomiao/temp/hr/reformatted_identifiers4htejv6w_decompressed_m4sgdnmy_SRR28210368_1 -2 /data/gaoyunyun/project/anmiaomiao/temp/hr/reformatted_identifiersbtg3_ldq_decompressed_ul1ndpjo_SRR28210368_2 --un-pair /data/gaoyunyun/project/anmiaomiao/temp/hr/SRR28210368_tair10_bowtie2_paired_clean_%.fastq --al-pair /data/gaoyunyun/project/anmiaomiao/temp/hr/SRR28210368_tair10_bowtie2_paired_contam_%.fastq --un-single /data/gaoyunyun/project/anmiaomiao/temp/hr/SRR28210368_tair10_bowtie2_unmatched_%_clean.fastq --al-single /data/gaoyunyun/project/anmiaomiao/temp/hr/SRR28210368_tair10_bowtie2_unmatched_%_contam.fastq --reorder -S /dev/null
07/16/2025 07:25:27 PM - kneaddata.utilities - DEBUG: b'71572060 reads; of these:\n  71572060 (100.00%) were unpaired; of these:\n    71569005 (100.00%) aligned 0 times\n    1092 (0.00%) aligned exactly 1 time\n    1963 (0.00%) aligned >1 times\n0.00% overall alignment rate\npair1_aligned : 2121\npair2_aligned : 2121\npair1_unaligned : 35783909\npair2_unaligned : 35783909\norphan1_aligned : 0\norphan2_aligned : 0\norphan1_unaligned : 0\norphan2_unaligned : 0\n'
07/16/2025 07:25:27 PM - kneaddata.utilities - DEBUG: Checking output file from bowtie2 : /data/gaoyunyun/project/anmiaomiao/temp/hr/SRR28210368_tair10_bowtie2_paired_clean_1.fastq
07/16/2025 07:25:27 PM - kneaddata.utilities - DEBUG: Checking output file from bowtie2 : /data/gaoyunyun/project/anmiaomiao/temp/hr/SRR28210368_tair10_bowtie2_paired_clean_2.fastq
07/16/2025 07:25:27 PM - kneaddata.run - INFO: Total contaminate sequences in file ( /data/gaoyunyun/project/anmiaomiao/temp/hr/SRR28210368_tair10_bowtie2_paired_contam_1.fastq ) : 2121.0
07/16/2025 07:25:27 PM - kneaddata.run - INFO: Total contaminate sequences in file ( /data/gaoyunyun/project/anmiaomiao/temp/hr/SRR28210368_tair10_bowtie2_paired_contam_2.fastq ) : 2121.0
07/16/2025 07:25:27 PM - kneaddata.run - INFO: Total contaminate sequences in file ( /data/gaoyunyun/project/anmiaomiao/temp/hr/SRR28210368_tair10_bowtie2_unmatched_1_contam.fastq ) : 0.0
07/16/2025 07:25:27 PM - kneaddata.run - INFO: Total contaminate sequences in file ( /data/gaoyunyun/project/anmiaomiao/temp/hr/SRR28210368_tair10_bowtie2_unmatched_2_contam.fastq ) : 0.0
07/16/2025 07:25:45 PM - kneaddata.utilities - INFO: READ COUNT: decontaminated tair10 pair1 : Total reads after removing those found in reference database ( /data/gaoyunyun/project/anmiaomiao/temp/hr/SRR28210368_tair10_bowtie2_paired_clean_1.fastq ): 35783909.0
07/16/2025 07:26:04 PM - kneaddata.utilities - INFO: READ COUNT: decontaminated tair10 pair2 : Total reads after removing those found in reference database ( /data/gaoyunyun/project/anmiaomiao/temp/hr/SRR28210368_tair10_bowtie2_paired_clean_2.fastq ): 35783909.0
07/16/2025 07:26:22 PM - kneaddata.utilities - INFO: READ COUNT: final pair1 : Total reads after merging results from multiple databases ( /data/gaoyunyun/project/anmiaomiao/temp/hr/SRR28210368_paired_1.fastq ): 35783909.0
07/16/2025 07:26:40 PM - kneaddata.utilities - INFO: READ COUNT: final pair2 : Total reads after merging results from multiple databases ( /data/gaoyunyun/project/anmiaomiao/temp/hr/SRR28210368_paired_2.fastq ): 35783909.0
07/16/2025 07:26:40 PM - kneaddata.utilities - WARNING: Unable to remove file: /data/gaoyunyun/project/anmiaomiao/temp/hr/SRR28210368_tair10_bowtie2_paired_clean_1.fastq
07/16/2025 07:26:40 PM - kneaddata.utilities - WARNING: Unable to remove file: /data/gaoyunyun/project/anmiaomiao/temp/hr/SRR28210368_tair10_bowtie2_paired_clean_2.fastq
07/16/2025 07:26:40 PM - kneaddata.utilities - INFO: READ COUNT: decontaminated tair10 orphan1 : Total reads after removing those found in reference database ( /data/gaoyunyun/project/anmiaomiao/temp/hr/SRR28210368_tair10_bowtie2_unmatched_1_clean.fastq ): 0.0
07/16/2025 07:26:40 PM - kneaddata.utilities - INFO: READ COUNT: final orphan1 : Total reads after merging results from multiple databases ( /data/gaoyunyun/project/anmiaomiao/temp/hr/SRR28210368_unmatched_1.fastq ): 0.0
07/16/2025 07:26:40 PM - kneaddata.utilities - WARNING: Unable to remove file: /data/gaoyunyun/project/anmiaomiao/temp/hr/SRR28210368_tair10_bowtie2_unmatched_1_clean.fastq
07/16/2025 07:26:40 PM - kneaddata.utilities - INFO: READ COUNT: decontaminated tair10 orphan2 : Total reads after removing those found in reference database ( /data/gaoyunyun/project/anmiaomiao/temp/hr/SRR28210368_tair10_bowtie2_unmatched_2_clean.fastq ): 0.0
07/16/2025 07:26:40 PM - kneaddata.utilities - INFO: READ COUNT: final orphan2 : Total reads after merging results from multiple databases ( /data/gaoyunyun/project/anmiaomiao/temp/hr/SRR28210368_unmatched_2.fastq ): 0.0
07/16/2025 07:26:40 PM - kneaddata.utilities - WARNING: Unable to remove file: /data/gaoyunyun/project/anmiaomiao/temp/hr/SRR28210368_tair10_bowtie2_unmatched_2_clean.fastq
07/16/2025 07:26:44 PM - kneaddata.knead_data - INFO: 
Final output files created: 
/data/gaoyunyun/project/anmiaomiao/temp/hr/SRR28210368_paired_1.fastq
/data/gaoyunyun/project/anmiaomiao/temp/hr/SRR28210368_paired_2.fastq
/data/gaoyunyun/project/anmiaomiao/temp/hr/SRR28210368_unmatched_1.fastq
/data/gaoyunyun/project/anmiaomiao/temp/hr/SRR28210368_unmatched_2.fastq

