Read1 before filtering:
total reads: 35115848
total bases: 5267377200
Q20 bases: 5128134803(97.3565%)
Q30 bases: 4855611543(92.1827%)

Read2 before filtering:
total reads: 35115848
total bases: 5267377200
Q20 bases: 5019757387(95.299%)
Q30 bases: 4625367290(87.8116%)

Read1 after filtering:
total reads: 34991366
total bases: 5248203632
Q20 bases: 5113043321(97.4246%)
Q30 bases: 4843259262(92.2841%)

Read2 after filtering:
total reads: 34991366
total bases: 5248203632
Q20 bases: 5008972567(95.4417%)
Q30 bases: 4617604648(87.9845%)

Filtering result:
reads passed filter: 69982732
reads failed due to low quality: 242852
reads failed due to too many N: 6112
reads failed due to too short: 0
reads with adapter trimmed: 26030
bases trimmed due to adapters: 1003480

Duplication rate: 10.6306%

Insert size peak (evaluated by paired-end reads): 269

JSON report: temp/qc/SRR28210353_fastp.json
HTML report: temp/qc/SRR28210353_fastp.html

fastp -i /data/gaoyunyun/project/anmiaomiao/download/SRA_seq/SRR28210353_1.fastq.gz -I /data/gaoyunyun/project/anmiaomiao/download/SRA_seq/SRR28210353_2.fastq.gz -j temp/qc/SRR28210353_fastp.json -h temp/qc/SRR28210353_fastp.html -o temp/qc/SRR28210353_1.fastq.gz -O temp/qc/SRR28210353_2.fastq.gz --compression 6 
fastp v0.23.4, time used: 418 seconds
