Read1 before filtering:
total reads: 37942980
total bases: 5691447000
Q20 bases: 5560207473(97.6941%)
Q30 bases: 5298439792(93.0948%)

Read2 before filtering:
total reads: 37942980
total bases: 5691447000
Q20 bases: 5480258858(96.2894%)
Q30 bases: 5117238094(89.911%)

Read1 after filtering:
total reads: 37832131
total bases: 5673933418
Q20 bases: 5546262803(97.7499%)
Q30 bases: 5286764869(93.1764%)

Read2 after filtering:
total reads: 37832131
total bases: 5673933418
Q20 bases: 5470164991(96.4087%)
Q30 bases: 5109750135(90.0566%)

Filtering result:
reads passed filter: 75664262
reads failed due to low quality: 216122
reads failed due to too many N: 5576
reads failed due to too short: 0
reads with adapter trimmed: 57548
bases trimmed due to adapters: 1775598

Duplication rate: 13.259%

Insert size peak (evaluated by paired-end reads): 269

JSON report: temp/qc/SRR28210366_fastp.json
HTML report: temp/qc/SRR28210366_fastp.html

fastp -i /data/gaoyunyun/project/anmiaomiao/download/SRA_seq/SRR28210366_1.fastq.gz -I /data/gaoyunyun/project/anmiaomiao/download/SRA_seq/SRR28210366_2.fastq.gz -j temp/qc/SRR28210366_fastp.json -h temp/qc/SRR28210366_fastp.html -o temp/qc/SRR28210366_1.fastq.gz -O temp/qc/SRR28210366_2.fastq.gz --compression 6 
fastp v0.23.4, time used: 419 seconds
