Read1 before filtering:
total reads: 37471042
total bases: 5620656300
Q20 bases: 5491366982(97.6997%)
Q30 bases: 5225700934(92.9731%)

Read2 before filtering:
total reads: 37471042
total bases: 5620656300
Q20 bases: 5412882728(96.3034%)
Q30 bases: 5046092872(89.7776%)

Read1 after filtering:
total reads: 37380273
total bases: 5606501823
Q20 bases: 5479906588(97.742%)
Q30 bases: 5216047871(93.0357%)

Read2 after filtering:
total reads: 37380273
total bases: 5606501823
Q20 bases: 5404831302(96.4029%)
Q30 bases: 5040163968(89.8986%)

Filtering result:
reads passed filter: 74760546
reads failed due to low quality: 175442
reads failed due to too many N: 6096
reads failed due to too short: 0
reads with adapter trimmed: 36128
bases trimmed due to adapters: 1079710

Duplication rate: 13.1006%

Insert size peak (evaluated by paired-end reads): 269

JSON report: temp/qc/SRR28210371_fastp.json
HTML report: temp/qc/SRR28210371_fastp.html

fastp -i /data/gaoyunyun/project/anmiaomiao/download/SRA_seq/SRR28210371_1.fastq.gz -I /data/gaoyunyun/project/anmiaomiao/download/SRA_seq/SRR28210371_2.fastq.gz -j temp/qc/SRR28210371_fastp.json -h temp/qc/SRR28210371_fastp.html -o temp/qc/SRR28210371_1.fastq.gz -O temp/qc/SRR28210371_2.fastq.gz --compression 6 
fastp v0.23.4, time used: 432 seconds
