Read1 before filtering:
total reads: 71594557
total bases: 10739183550
Q20 bases: 10572244696(98.4455%)
Q30 bases: 10188310106(94.8704%)

Read2 before filtering:
total reads: 71594557
total bases: 10739183550
Q20 bases: 10481979674(97.605%)
Q30 bases: 9946514900(92.6189%)

Read1 after filtering:
total reads: 71436086
total bases: 10714006526
Q20 bases: 10551640241(98.4845%)
Q30 bases: 10170625805(94.9283%)

Read2 after filtering:
total reads: 71436086
total bases: 10714006526
Q20 bases: 10467017970(97.6947%)
Q30 bases: 9935080336(92.7298%)

Filtering result:
reads passed filter: 142872172
reads failed due to low quality: 306108
reads failed due to too many N: 10834
reads failed due to too short: 0
reads with adapter trimmed: 88042
bases trimmed due to adapters: 2816172

Duplication rate: 13.8694%

Insert size peak (evaluated by paired-end reads): 269

JSON report: temp/qc/SRR28210343_fastp.json
HTML report: temp/qc/SRR28210343_fastp.html

fastp -i /data/gaoyunyun/project/anmiaomiao/download/SRA_seq/SRR28210343_1.fastq.gz -I /data/gaoyunyun/project/anmiaomiao/download/SRA_seq/SRR28210343_2.fastq.gz -j temp/qc/SRR28210343_fastp.json -h temp/qc/SRR28210343_fastp.html -o temp/qc/SRR28210343_1.fastq.gz -O temp/qc/SRR28210343_2.fastq.gz --compression 6 
fastp v0.23.4, time used: 790 seconds
