Read1 before filtering:
total reads: 70740343
total bases: 10611051450
Q20 bases: 10439467181(98.383%)
Q30 bases: 10070677081(94.9074%)

Read2 before filtering:
total reads: 70740343
total bases: 10611051450
Q20 bases: 10365840807(97.6891%)
Q30 bases: 9869977751(93.016%)

Read1 after filtering:
total reads: 70553707
total bases: 10581912515
Q20 bases: 10416285908(98.4348%)
Q30 bases: 10051187809(94.9846%)

Read2 after filtering:
total reads: 70553707
total bases: 10581912515
Q20 bases: 10348574486(97.7949%)
Q30 bases: 9856883763(93.1484%)

Filtering result:
reads passed filter: 141107414
reads failed due to low quality: 361954
reads failed due to too many N: 11318
reads failed due to too short: 0
reads with adapter trimmed: 70446
bases trimmed due to adapters: 2292376

Duplication rate: 14.2867%

Insert size peak (evaluated by paired-end reads): 269

JSON report: temp/qc/SRR28210380_fastp.json
HTML report: temp/qc/SRR28210380_fastp.html

fastp -i /data/gaoyunyun/project/anmiaomiao/download/SRA_seq/SRR28210380_1.fastq.gz -I /data/gaoyunyun/project/anmiaomiao/download/SRA_seq/SRR28210380_2.fastq.gz -j temp/qc/SRR28210380_fastp.json -h temp/qc/SRR28210380_fastp.html -o temp/qc/SRR28210380_1.fastq.gz -O temp/qc/SRR28210380_2.fastq.gz --compression 6 
fastp v0.23.4, time used: 763 seconds
