Read1 before filtering:
total reads: 66583008
total bases: 9987451200
Q20 bases: 9828991592(98.4134%)
Q30 bases: 9481320914(94.9323%)

Read2 before filtering:
total reads: 66583008
total bases: 9987451200
Q20 bases: 9755996878(97.6825%)
Q30 bases: 9289735868(93.0141%)

Read1 after filtering:
total reads: 66399170
total bases: 9958791853
Q20 bases: 9805582634(98.4616%)
Q30 bases: 9461216337(95.0037%)

Read2 after filtering:
total reads: 66399170
total bases: 9958791853
Q20 bases: 9739390002(97.7969%)
Q30 bases: 9277207750(93.156%)

Filtering result:
reads passed filter: 132798340
reads failed due to low quality: 357020
reads failed due to too many N: 10656
reads failed due to too short: 0
reads with adapter trimmed: 64728
bases trimmed due to adapters: 2173512

Duplication rate: 13.0377%

Insert size peak (evaluated by paired-end reads): 269

JSON report: temp/qc/SRR28210369_fastp.json
HTML report: temp/qc/SRR28210369_fastp.html

fastp -i /data/gaoyunyun/project/anmiaomiao/download/SRA_seq/SRR28210369_1.fastq.gz -I /data/gaoyunyun/project/anmiaomiao/download/SRA_seq/SRR28210369_2.fastq.gz -j temp/qc/SRR28210369_fastp.json -h temp/qc/SRR28210369_fastp.html -o temp/qc/SRR28210369_1.fastq.gz -O temp/qc/SRR28210369_2.fastq.gz --compression 6 
fastp v0.23.4, time used: 732 seconds
