Read1 before filtering:
total reads: 40223573
total bases: 6033535950
Q20 bases: 5871049558(97.3069%)
Q30 bases: 5551997181(92.019%)

Read2 before filtering:
total reads: 40223573
total bases: 6033535950
Q20 bases: 5755069984(95.3847%)
Q30 bases: 5303232967(87.8959%)

Read1 after filtering:
total reads: 40099788
total bases: 6014262826
Q20 bases: 5855620227(97.3622%)
Q30 bases: 5539222058(92.1014%)

Read2 after filtering:
total reads: 40099788
total bases: 6014262826
Q20 bases: 5744226162(95.5101%)
Q30 bases: 5295395458(88.0473%)

Filtering result:
reads passed filter: 80199576
reads failed due to low quality: 240816
reads failed due to too many N: 6754
reads failed due to too short: 0
reads with adapter trimmed: 36744
bases trimmed due to adapters: 1411474

Duplication rate: 10.8958%

Insert size peak (evaluated by paired-end reads): 269

JSON report: temp/qc/SRR28210372_fastp.json
HTML report: temp/qc/SRR28210372_fastp.html

fastp -i /data/gaoyunyun/project/anmiaomiao/download/SRA_seq/SRR28210372_1.fastq.gz -I /data/gaoyunyun/project/anmiaomiao/download/SRA_seq/SRR28210372_2.fastq.gz -j temp/qc/SRR28210372_fastp.json -h temp/qc/SRR28210372_fastp.html -o temp/qc/SRR28210372_1.fastq.gz -O temp/qc/SRR28210372_2.fastq.gz --compression 6 
fastp v0.23.4, time used: 494 seconds
