Read1 before filtering:
total reads: 35875585
total bases: 5381337750
Q20 bases: 5243051064(97.4303%)
Q30 bases: 4966937330(92.2993%)

Read2 before filtering:
total reads: 35875585
total bases: 5381337750
Q20 bases: 5167205521(96.0208%)
Q30 bases: 4797619108(89.1529%)

Read1 after filtering:
total reads: 35786030
total bases: 5367349034
Q20 bases: 5231754300(97.4737%)
Q30 bases: 4957455870(92.3632%)

Read2 after filtering:
total reads: 35786030
total bases: 5367349034
Q20 bases: 5159264803(96.1231%)
Q30 bases: 4791818669(89.2772%)

Filtering result:
reads passed filter: 71572060
reads failed due to low quality: 173436
reads failed due to too many N: 5674
reads failed due to too short: 0
reads with adapter trimmed: 33490
bases trimmed due to adapters: 1112282

Duplication rate: 11.9275%

Insert size peak (evaluated by paired-end reads): 269

JSON report: temp/qc/SRR28210368_fastp.json
HTML report: temp/qc/SRR28210368_fastp.html

fastp -i /data/gaoyunyun/project/anmiaomiao/download/SRA_seq/SRR28210368_1.fastq.gz -I /data/gaoyunyun/project/anmiaomiao/download/SRA_seq/SRR28210368_2.fastq.gz -j temp/qc/SRR28210368_fastp.json -h temp/qc/SRR28210368_fastp.html -o temp/qc/SRR28210368_1.fastq.gz -O temp/qc/SRR28210368_2.fastq.gz --compression 6 
fastp v0.23.4, time used: 417 seconds
