Read1 before filtering:
total reads: 36932379
total bases: 5539856850
Q20 bases: 5390633631(97.3064%)
Q30 bases: 5099665683(92.0541%)

Read2 before filtering:
total reads: 36932379
total bases: 5539856850
Q20 bases: 5307001378(95.7967%)
Q30 bases: 4916316514(88.7445%)

Read1 after filtering:
total reads: 36827134
total bases: 5523508356
Q20 bases: 5377652145(97.3594%)
Q30 bases: 5088924362(92.1321%)

Read2 after filtering:
total reads: 36827134
total bases: 5523508356
Q20 bases: 5297751209(95.9128%)
Q30 bases: 4909593911(88.8854%)

Filtering result:
reads passed filter: 73654268
reads failed due to low quality: 203858
reads failed due to too many N: 6632
reads failed due to too short: 0
reads with adapter trimmed: 39066
bases trimmed due to adapters: 1124174

Duplication rate: 11.9406%

Insert size peak (evaluated by paired-end reads): 269

JSON report: temp/qc/SRR28210361_fastp.json
HTML report: temp/qc/SRR28210361_fastp.html

fastp -i /data/gaoyunyun/project/anmiaomiao/download/SRA_seq/SRR28210361_1.fastq.gz -I /data/gaoyunyun/project/anmiaomiao/download/SRA_seq/SRR28210361_2.fastq.gz -j temp/qc/SRR28210361_fastp.json -h temp/qc/SRR28210361_fastp.html -o temp/qc/SRR28210361_1.fastq.gz -O temp/qc/SRR28210361_2.fastq.gz --compression 6 
fastp v0.23.4, time used: 434 seconds
